RUN	io.gatling.computerDatabase.SeparateMethodsAddUsers	separatemethodsaddusers	1716997351384	 	3.11.3
ERROR	Choose one random computer: No baseUrl defined but provided url is relative : /computers/500 	1716997351888
ERROR	Click add new Computer: No baseUrl defined but provided url is relative : /computers/new 	1716997351888
USER	Admin	START	1716997351891
USER	Users	START	1716997351891
ERROR	Choose one random computer: No baseUrl defined but provided url is relative : /computers/500 	1716997352382
USER	Users	START	1716997352382
ERROR	Choose one random computer: No baseUrl defined but provided url is relative : /computers/500 	1716997352879
USER	Users	START	1716997352879
ERROR	Click add new Computer: No baseUrl defined but provided url is relative : /computers/new 	1716997352878
USER	Admin	START	1716997352879
ERROR	Choose one random computer: No baseUrl defined but provided url is relative : /computers/500 	1716997353381
USER	Users	START	1716997353382
ERROR	Choose one random computer: No baseUrl defined but provided url is relative : /computers/500 	1716997353881
USER	Users	START	1716997353882
ERROR	Click add new Computer: No baseUrl defined but provided url is relative : /computers/new 	1716997353882
USER	Admin	START	1716997353882
ERROR	Choose one random computer: No baseUrl defined but provided url is relative : /computers/500 	1716997354381
USER	Users	START	1716997354381
ERROR	Choose one random computer: No baseUrl defined but provided url is relative : /computers/500 	1716997354875
ERROR	Click add new Computer: No baseUrl defined but provided url is relative : /computers/new 	1716997354875
USER	Users	START	1716997354875
USER	Admin	START	1716997354876
USER	Users	END	1716997354906
ERROR	Choose one random computer: No baseUrl defined but provided url is relative : /computers/500 	1716997355377
USER	Users	START	1716997355383
USER	Users	END	1716997355391
USER	Users	END	1716997355884
ERROR	Choose one random computer: No baseUrl defined but provided url is relative : /computers/500 	1716997355885
ERROR	Click add new Computer: No baseUrl defined but provided url is relative : /computers/new 	1716997355885
USER	Admin	START	1716997355885
USER	Users	START	1716997355885
ERROR	Add new computer: No baseUrl defined but provided url is relative : /computers 	1716997355900
ERROR	Choose one random computer: No baseUrl defined but provided url is relative : /computers/500 	1716997356374
USER	Users	START	1716997356375
USER	Users	END	1716997356390
ERROR	Add new computer: No baseUrl defined but provided url is relative : /computers 	1716997356886
ERROR	Click add new Computer: No baseUrl defined but provided url is relative : /computers/new 	1716997356887
USER	Admin	START	1716997356888
USER	Users	END	1716997356888
USER	Users	END	1716997357395
ERROR	Click add new Computer: No baseUrl defined but provided url is relative : /computers/new 	1716997357879
USER	Admin	START	1716997357879
USER	Users	END	1716997357879
ERROR	Add new computer: No baseUrl defined but provided url is relative : /computers 	1716997357895
USER	Users	END	1716997358392
ERROR	Click add new Computer: No baseUrl defined but provided url is relative : /computers/new 	1716997358885
USER	Admin	START	1716997358886
ERROR	Add new computer: No baseUrl defined but provided url is relative : /computers 	1716997358886
USER	Users	END	1716997358901
USER	Users	END	1716997359383
ERROR	Click add new Computer: No baseUrl defined but provided url is relative : /computers/new 	1716997359880
USER	Admin	START	1716997359881
ERROR	Add new computer: No baseUrl defined but provided url is relative : /computers 	1716997359887
ERROR	Choose one random computer: No baseUrl defined but provided url is relative : /computers/500 	1716997359907
ERROR	Click add new Computer: No baseUrl defined but provided url is relative : /computers/new 	1716997360885
USER	Admin	START	1716997360886
ERROR	Choose one random computer: No baseUrl defined but provided url is relative : /computers/500 	1716997360902
ERROR	Add new computer: No baseUrl defined but provided url is relative : /computers 	1716997360925
ERROR	Add new computer: No baseUrl defined but provided url is relative : /computers 	1716997361893
ERROR	Choose one random computer: No baseUrl defined but provided url is relative : /computers/500 	1716997361908
ERROR	Choose one random computer: No baseUrl defined but provided url is relative : /computers/500 	1716997362892
ERROR	Add new computer: No baseUrl defined but provided url is relative : /computers 	1716997362892
ERROR	Delete the random computer: No baseUrl defined but provided url is relative : /computers/500/delete 	1716997362923
USER	Admin	END	1716997362925
ERROR	Choose one random computer: No baseUrl defined but provided url is relative : /computers/500 	1716997363894
ERROR	Add new computer: No baseUrl defined but provided url is relative : /computers 	1716997363895
ERROR	Delete the random computer: No baseUrl defined but provided url is relative : /computers/500/delete 	1716997363909
USER	Admin	END	1716997363909
ERROR	Add new computer: No baseUrl defined but provided url is relative : /computers 	1716997364890
ERROR	Delete the random computer: No baseUrl defined but provided url is relative : /computers/500/delete 	1716997364920
USER	Admin	END	1716997364921
ERROR	Choose one random computer: No baseUrl defined but provided url is relative : /computers/500 	1716997364937
ERROR	Choose one random computer: No baseUrl defined but provided url is relative : /computers/500 	1716997365901
ERROR	Delete the random computer: No baseUrl defined but provided url is relative : /computers/500/delete 	1716997365902
USER	Admin	END	1716997365902
ERROR	Delete the random computer: No baseUrl defined but provided url is relative : /computers/500/delete 	1716997366901
ERROR	Choose one random computer: No baseUrl defined but provided url is relative : /computers/500 	1716997366901
USER	Admin	END	1716997366901
ERROR	Choose one random computer: No baseUrl defined but provided url is relative : /computers/500 	1716997367903
ERROR	Delete the random computer: No baseUrl defined but provided url is relative : /computers/500/delete 	1716997367951
USER	Admin	END	1716997367951
ERROR	Choose one random computer: No baseUrl defined but provided url is relative : /computers/500 	1716997368896
ERROR	Delete the random computer: No baseUrl defined but provided url is relative : /computers/500/delete 	1716997368911
USER	Admin	END	1716997368911
ERROR	Delete the random computer: No baseUrl defined but provided url is relative : /computers/500/delete 	1716997369917
USER	Admin	END	1716997369917
ERROR	Delete the random computer: No baseUrl defined but provided url is relative : /computers/500/delete 	1716997370907
USER	Admin	END	1716997370907
ERROR	Delete the random computer: No baseUrl defined but provided url is relative : /computers/500/delete 	1716997371902
USER	Admin	END	1716997371903
