RUN	computerdatabase.ComputerDatabaseSimulation	computerdatabasesimulation	1716825607332	 	3.11.3
USER	Admins	START	1716825607842
USER	Users	START	1716825607842
REQUEST		Home	1716825607808	1716825608208	OK	 
REQUEST		Home	1716825607808	1716825608208	OK	 
REQUEST		Home Redirect 1	1716825608217	1716825608342	OK	 
REQUEST		Home Redirect 1	1716825608217	1716825608342	OK	 
USER	Users	START	1716825608795
REQUEST		Home	1716825608792	1716825609149	OK	 
REQUEST		Home Redirect 1	1716825609150	1716825609277	OK	 
REQUEST		Search	1716825609379	1716825609503	OK	 
REQUEST		Search	1716825609379	1716825609503	OK	 
USER	Users	START	1716825609797
REQUEST		Home	1716825609797	1716825610150	OK	 
REQUEST		Home Redirect 1	1716825610150	1716825610274	OK	 
REQUEST		Search	1716825610291	1716825610411	OK	 
REQUEST		Select	1716825610570	1716825610694	OK	 
REQUEST		Select	1716825610570	1716825610696	OK	 
USER	Users	START	1716825610789
REQUEST		Home	1716825610787	1716825611138	OK	 
REQUEST		Home Redirect 1	1716825611139	1716825611264	OK	 
REQUEST		Search	1716825611281	1716825611402	OK	 
REQUEST		Select	1716825611420	1716825611543	OK	 
USER	Users	START	1716825611794
REQUEST		Page 0	1716825611701	1716825611817	OK	 
REQUEST		Page 0	1716825611701	1716825611823	OK	 
REQUEST		Home	1716825611791	1716825612136	OK	 
REQUEST		Home Redirect 1	1716825612136	1716825612256	OK	 
REQUEST		Search	1716825612271	1716825612392	OK	 
REQUEST		Select	1716825612410	1716825612526	OK	 
REQUEST		Page 0	1716825612551	1716825612666	OK	 
USER	Users	START	1716825612800
USER	Admins	START	1716825612801
REQUEST		Page 1	1716825612826	1716825612943	OK	 
REQUEST		Page 1	1716825612826	1716825612943	OK	 
REQUEST		Home	1716825612798	1716825613150	OK	 
REQUEST		Home	1716825612800	1716825613155	OK	 
REQUEST		Home Redirect 1	1716825613151	1716825613272	OK	 
REQUEST		Home Redirect 1	1716825613155	1716825613275	OK	 
REQUEST		Search	1716825613259	1716825613374	OK	 
REQUEST		Select	1716825613397	1716825613517	OK	 
REQUEST		Page 0	1716825613537	1716825613654	OK	 
REQUEST		Page 1	1716825613674	1716825613788	OK	 
USER	Users	START	1716825613798
REQUEST		Page 2	1716825613954	1716825614071	OK	 
REQUEST		Page 2	1716825613954	1716825614071	OK	 
REQUEST		Home	1716825613798	1716825614151	OK	 
REQUEST		Home Redirect 1	1716825614151	1716825614276	OK	 
REQUEST		Search	1716825614278	1716825614393	OK	 
REQUEST		Search	1716825614278	1716825614393	OK	 
REQUEST		Select	1716825614385	1716825614500	OK	 
REQUEST		Page 0	1716825614524	1716825614643	OK	 
REQUEST		Page 1	1716825614664	1716825614781	OK	 
USER	Users	START	1716825614786
REQUEST		Page 2	1716825614801	1716825614916	OK	 
REQUEST		Home	1716825614785	1716825615139	OK	 
REQUEST		Page 3	1716825615080	1716825615198	OK	 
REQUEST		Page 3	1716825615080	1716825615198	OK	 
REQUEST		Home Redirect 1	1716825615140	1716825615261	OK	 
REQUEST		Search	1716825615278	1716825615394	OK	 
REQUEST		Select	1716825615400	1716825615515	OK	 
REQUEST		Select	1716825615400	1716825615515	OK	 
REQUEST		Page 0	1716825615509	1716825615626	OK	 
REQUEST		Page 1	1716825615647	1716825615764	OK	 
USER	Users	START	1716825615789
REQUEST		Page 2	1716825615786	1716825615902	OK	 
REQUEST		Page 3	1716825615923	1716825616037	OK	 
REQUEST		Home	1716825615786	1716825616136	OK	 
USER	Users	END	1716825616206
REQUEST		Home Redirect 1	1716825616136	1716825616253	OK	 
REQUEST		Form	1716825616202	1716825616319	OK	 
REQUEST		Search	1716825616279	1716825616395	OK	 
REQUEST		Select	1716825616403	1716825616518	OK	 
REQUEST		Page 0	1716825616525	1716825616641	OK	 
REQUEST		Page 0	1716825616525	1716825616641	OK	 
REQUEST		Page 1	1716825616634	1716825616751	OK	 
USER	Users	START	1716825616807
REQUEST		Page 2	1716825616773	1716825616889	OK	 
REQUEST		Page 3	1716825616913	1716825617031	OK	 
USER	Users	END	1716825617053
REQUEST		Home	1716825616805	1716825617154	OK	 
REQUEST		Home Redirect 1	1716825617155	1716825617272	OK	 
REQUEST		Search	1716825617269	1716825617390	OK	 
REQUEST		Post	1716825617335	1716825617452	OK	 
REQUEST		Select	1716825617408	1716825617525	OK	 
REQUEST		Post Redirect 1	1716825617462	1716825617580	KO	status.find.is(201), but actually found 200
REQUEST		Page 0	1716825617531	1716825617644	OK	 
REQUEST		Form	1716825617593	1716825617716	OK	 
REQUEST		Page 1	1716825617653	1716825617768	OK	 
REQUEST		Page 1	1716825617653	1716825617768	OK	 
REQUEST		Page 2	1716825617761	1716825617880	OK	 
REQUEST		Page 3	1716825617899	1716825618015	OK	 
USER	Users	END	1716825618039
REQUEST		Search	1716825618287	1716825618405	OK	 
REQUEST		Select	1716825618393	1716825618510	OK	 
REQUEST		Page 0	1716825618531	1716825618651	OK	 
REQUEST		Page 1	1716825618656	1716825618771	OK	 
REQUEST		Post	1716825618732	1716825618849	OK	 
REQUEST		Page 2	1716825618778	1716825618894	OK	 
REQUEST		Page 2	1716825618778	1716825618894	OK	 
REQUEST		Post Redirect 1	1716825618851	1716825618967	KO	status.find.is(201), but actually found 200
USER	Admins	END	1716825618969
REQUEST		Page 3	1716825618885	1716825619001	OK	 
USER	Users	END	1716825619025
REQUEST		Select	1716825619424	1716825619541	OK	 
REQUEST		Page 0	1716825619518	1716825619635	OK	 
REQUEST		Page 1	1716825619656	1716825619775	OK	 
REQUEST		Page 2	1716825619779	1716825619894	OK	 
USER	Users	END	1716825620011
REQUEST		Page 3	1716825619901	1716825620016	OK	 
REQUEST		Page 3	1716825619901	1716825620016	OK	 
REQUEST		Page 0	1716825620552	1716825620669	OK	 
REQUEST		Page 1	1716825620645	1716825620762	OK	 
REQUEST		Page 2	1716825620783	1716825620901	OK	 
REQUEST		Page 3	1716825620906	1716825621022	OK	 
USER	Users	END	1716825621029
REQUEST		Form	1716825621029	1716825621142	OK	 
REQUEST		Page 1	1716825621681	1716825621800	OK	 
REQUEST		Page 2	1716825621775	1716825621892	OK	 
REQUEST		Page 3	1716825621914	1716825622032	OK	 
USER	Users	END	1716825622039
REQUEST		Post	1716825622147	1716825622262	OK	 
REQUEST		Post Redirect 1	1716825622263	1716825622380	OK	 
USER	Admins	END	1716825622383
REQUEST		Page 2	1716825622811	1716825622930	OK	 
REQUEST		Page 3	1716825622905	1716825623021	OK	 
USER	Users	END	1716825623045
USER	Users	END	1716825624033
REQUEST		Page 3	1716825623940	1716825624057	OK	 
USER	Users	END	1716825625068
