RUN	io.gatling.computerDatabase.SeparateMethodsAddUsers	separatemethodsaddusers	1716997418116	 	3.11.3
USER	Users	START	1716997418601
USER	Admin	START	1716997418601
REQUEST		Choose one random computer	1716997418569	1716997418963	OK	 
REQUEST		Click add new Computer	1716997418569	1716997418968	OK	 
USER	Users	START	1716997419062
REQUEST		Choose one random computer	1716997419061	1716997419423	OK	 
USER	Users	START	1716997419555
USER	Admin	START	1716997419555
REQUEST		Choose one random computer	1716997419554	1716997419910	OK	 
REQUEST		Click add new Computer	1716997419554	1716997419910	OK	 
USER	Users	START	1716997420051
REQUEST		Choose one random computer	1716997420049	1716997420424	OK	 
USER	Admin	START	1716997420545
USER	Users	START	1716997420556
REQUEST		Click add new Computer	1716997420545	1716997420903	OK	 
REQUEST		Choose one random computer	1716997420555	1716997420904	OK	 
USER	Users	START	1716997421056
REQUEST		Choose one random computer	1716997421055	1716997421406	OK	 
USER	Admin	START	1716997421548
USER	Users	START	1716997421548
REQUEST		Click add new Computer	1716997421547	1716997421901	OK	 
REQUEST		Choose one random computer	1716997421547	1716997421902	OK	 
USER	Users	END	1716997422036
USER	Users	START	1716997422046
REQUEST		Choose one random computer	1716997422046	1716997422393	OK	 
USER	Users	END	1716997422434
USER	Users	START	1716997422557
USER	Admin	START	1716997422557
REQUEST		Choose one random computer	1716997422556	1716997422907	OK	 
REQUEST		Click add new Computer	1716997422556	1716997422906	OK	 
USER	Users	END	1716997422914
USER	Users	START	1716997423055
REQUEST		Add new computer	1716997423048	1716997423170	OK	 
REQUEST		Add new computer Redirect 1	1716997423212	1716997423334	OK	 
REQUEST		Choose one random computer	1716997423053	1716997423395	OK	 
USER	Users	END	1716997423428
USER	Admin	START	1716997423556
REQUEST		Click add new Computer	1716997423554	1716997423905	OK	 
USER	Users	END	1716997423909
REQUEST		Add new computer	1716997423925	1716997424044	OK	 
REQUEST		Add new computer Redirect 1	1716997424046	1716997424170	OK	 
USER	Users	END	1716997424419
USER	Admin	START	1716997424556
REQUEST		Click add new Computer	1716997424556	1716997424914	OK	 
USER	Users	END	1716997424916
REQUEST		Add new computer	1716997424915	1716997425035	OK	 
REQUEST		Add new computer Redirect 1	1716997425036	1716997425158	OK	 
USER	Users	END	1716997425406
USER	Admin	START	1716997425546
REQUEST		Click add new Computer	1716997425545	1716997425897	OK	 
USER	Users	END	1716997425920
REQUEST		Add new computer	1716997425904	1716997426025	OK	 
REQUEST		Add new computer Redirect 1	1716997426027	1716997426150	OK	 
USER	Users	END	1716997426414
USER	Admin	START	1716997426552
REQUEST		Click add new Computer	1716997426551	1716997426895	OK	 
REQUEST		Add new computer	1716997426925	1716997427048	OK	 
REQUEST		Add new computer Redirect 1	1716997427049	1716997427171	OK	 
REQUEST		Choose one random computer	1716997427342	1716997427458	OK	 
USER	Admin	START	1716997427560
REQUEST		Click add new Computer	1716997427558	1716997427906	OK	 
REQUEST		Add new computer	1716997427919	1716997428040	OK	 
REQUEST		Add new computer Redirect 1	1716997428042	1716997428163	OK	 
REQUEST		Choose one random computer	1716997428185	1716997428300	OK	 
REQUEST		Add new computer	1716997428934	1716997429052	OK	 
REQUEST		Add new computer Redirect 1	1716997429053	1716997429172	OK	 
REQUEST		Choose one random computer	1716997429165	1716997429280	OK	 
REQUEST		Add new computer	1716997429910	1716997430030	OK	 
REQUEST		Add new computer Redirect 1	1716997430031	1716997430148	OK	 
REQUEST		Choose one random computer	1716997430157	1716997430275	OK	 
REQUEST		Delete the random computer	1716997430466	1716997430580	OK	 
REQUEST		Delete the random computer Redirect 1	1716997430581	1716997430697	OK	 
USER	Admin	END	1716997430698
REQUEST		Add new computer	1716997430900	1716997431013	OK	 
REQUEST		Add new computer Redirect 1	1716997431014	1716997431129	OK	 
REQUEST		Choose one random computer	1716997431184	1716997431298	OK	 
REQUEST		Delete the random computer	1716997431309	1716997431421	OK	 
REQUEST		Delete the random computer Redirect 1	1716997431422	1716997431535	OK	 
USER	Admin	END	1716997431536
REQUEST		Add new computer	1716997431922	1716997432045	OK	 
REQUEST		Add new computer Redirect 1	1716997432047	1716997432161	OK	 
REQUEST		Choose one random computer	1716997432168	1716997432283	OK	 
REQUEST		Delete the random computer	1716997432291	1716997432408	OK	 
REQUEST		Delete the random computer Redirect 1	1716997432409	1716997432525	OK	 
USER	Admin	END	1716997432525
REQUEST		Choose one random computer	1716997433190	1716997433306	OK	 
REQUEST		Delete the random computer	1716997433282	1716997433398	OK	 
REQUEST		Delete the random computer Redirect 1	1716997433399	1716997433517	OK	 
USER	Admin	END	1716997433518
REQUEST		Choose one random computer	1716997434163	1716997434279	OK	 
REQUEST		Delete the random computer	1716997434304	1716997434419	OK	 
REQUEST		Delete the random computer Redirect 1	1716997434420	1716997434544	OK	 
USER	Admin	END	1716997434547
REQUEST		Choose one random computer	1716997435141	1716997435257	OK	 
REQUEST		Delete the random computer	1716997435295	1716997435409	OK	 
REQUEST		Delete the random computer Redirect 1	1716997435410	1716997435526	OK	 
USER	Admin	END	1716997435528
REQUEST		Choose one random computer	1716997436165	1716997436279	OK	 
REQUEST		Delete the random computer	1716997436319	1716997436437	OK	 
REQUEST		Delete the random computer Redirect 1	1716997436438	1716997436557	OK	 
USER	Admin	END	1716997436561
REQUEST		Delete the random computer	1716997437299	1716997437414	OK	 
REQUEST		Delete the random computer Redirect 1	1716997437416	1716997437533	OK	 
USER	Admin	END	1716997437536
REQUEST		Delete the random computer	1716997438274	1716997438387	OK	 
REQUEST		Delete the random computer Redirect 1	1716997438387	1716997438503	OK	 
USER	Admin	END	1716997438506
REQUEST		Delete the random computer	1716997439283	1716997439397	OK	 
REQUEST		Delete the random computer Redirect 1	1716997439397	1716997439514	OK	 
USER	Admin	END	1716997439515
